[ 2014-09-18T01:02:07+08:00 ] ::1 /PocketAntiServer/
INFO: [ app_init ] --START--
INFO: Run Behavior\BuildLiteBehavior [ RunTime:0.000010s ]
INFO: [ app_init ] --END-- [ RunTime:0.000274s ]
INFO: [ app_begin ] --START--
INFO: Run Behavior\ReadHtmlCacheBehavior [ RunTime:0.000364s ]
INFO: [ app_begin ] --END-- [ RunTime:0.000399s ]
ERR: 非法操作:index

[ 2014-09-18T01:03:21+08:00 ] ::1 /PocketAntiServer/?c=index&a=login
INFO: [ app_init ] --START--
INFO: Run Behavior\BuildLiteBehavior [ RunTime:0.000017s ]
INFO: [ app_init ] --END-- [ RunTime:0.000500s ]
INFO: [ app_begin ] --START--
INFO: Run Behavior\ReadHtmlCacheBehavior [ RunTime:0.000444s ]
INFO: [ app_begin ] --END-- [ RunTime:0.000541s ]
NOTIC: [8] Array to string conversion F:\WWW\PocketAntiServer\Application\Home\Controller\IndexController.class.php 第 18 行.
SQL: DESCRIBE isa_user [ RunTime:0.002776s ]
ERR: 错误的查询条件:[$user_name=>]

[ 2014-09-18T01:04:53+08:00 ] ::1 /PocketAntiServer/?c=index&a=login
INFO: [ app_init ] --START--
INFO: Run Behavior\BuildLiteBehavior [ RunTime:0.000025s ]
INFO: [ app_init ] --END-- [ RunTime:0.000713s ]
INFO: [ app_begin ] --START--
INFO: Run Behavior\ReadHtmlCacheBehavior [ RunTime:0.000842s ]
INFO: [ app_begin ] --END-- [ RunTime:0.000933s ]
SQL: DESCRIBE isa_user [ RunTime:0.002619s ]
ERR: 错误的查询条件:[$user_name=>]

[ 2014-09-18T01:08:11+08:00 ] ::1 /PocketAntiServer/?c=index&a=login
INFO: [ app_init ] --START--
INFO: Run Behavior\BuildLiteBehavior [ RunTime:0.000011s ]
INFO: [ app_init ] --END-- [ RunTime:0.000564s ]
INFO: [ app_begin ] --START--
INFO: Run Behavior\ReadHtmlCacheBehavior [ RunTime:0.000337s ]
INFO: [ app_begin ] --END-- [ RunTime:0.000373s ]
SQL: DESCRIBE isa_user [ RunTime:0.002148s ]
ERR: 错误的查询条件:[$user_name=>]

[ 2014-09-18T01:08:16+08:00 ] ::1 /PocketAntiServer/?c=index&a=login
INFO: [ app_init ] --START--
INFO: Run Behavior\BuildLiteBehavior [ RunTime:0.000023s ]
INFO: [ app_init ] --END-- [ RunTime:0.000620s ]
INFO: [ app_begin ] --START--
INFO: Run Behavior\ReadHtmlCacheBehavior [ RunTime:0.000732s ]
INFO: [ app_begin ] --END-- [ RunTime:0.000817s ]
SQL: DESCRIBE isa_user [ RunTime:0.002044s ]
ERR: 错误的查询条件:[$user_name=>]

[ 2014-09-18T01:09:07+08:00 ] ::1 /PocketAntiServer/?c=index&a=login
INFO: [ app_init ] --START--
INFO: Run Behavior\BuildLiteBehavior [ RunTime:0.000022s ]
INFO: [ app_init ] --END-- [ RunTime:0.000576s ]
INFO: [ app_begin ] --START--
INFO: Run Behavior\ReadHtmlCacheBehavior [ RunTime:0.000811s ]
INFO: [ app_begin ] --END-- [ RunTime:0.000904s ]
INFO: [ app_end ] --START--
INFO: Run Behavior\ShowPageTraceBehavior [ RunTime:0.000829s ]
INFO: [ app_end ] --END-- [ RunTime:0.000929s ]

[ 2014-09-18T01:09:37+08:00 ] ::1 /PocketAntiServer/?c=index&a=login
INFO: [ app_init ] --START--
INFO: Run Behavior\BuildLiteBehavior [ RunTime:0.000024s ]
INFO: [ app_init ] --END-- [ RunTime:0.000581s ]
INFO: [ app_begin ] --START--
INFO: Run Behavior\ReadHtmlCacheBehavior [ RunTime:0.000708s ]
INFO: [ app_begin ] --END-- [ RunTime:0.000810s ]
INFO: [ app_end ] --START--
INFO: Run Behavior\ShowPageTraceBehavior [ RunTime:0.000723s ]
INFO: [ app_end ] --END-- [ RunTime:0.000825s ]

[ 2014-09-18T01:10:03+08:00 ] ::1 /PocketAntiServer/?c=index&a=login&user_name=ziav&pwd=123456
INFO: [ app_init ] --START--
INFO: Run Behavior\BuildLiteBehavior [ RunTime:0.000010s ]
INFO: [ app_init ] --END-- [ RunTime:0.000275s ]
INFO: [ app_begin ] --START--
INFO: Run Behavior\ReadHtmlCacheBehavior [ RunTime:0.000396s ]
INFO: [ app_begin ] --END-- [ RunTime:0.000430s ]
SQL: DESCRIBE isa_user [ RunTime:0.002472s ]
ERR: 错误的查询条件:[$user_name=>ziav]

[ 2014-09-18T01:10:28+08:00 ] ::1 /PocketAntiServer/?c=index&a=login&user_name=ziav&pwd=123456
INFO: [ app_init ] --START--
INFO: Run Behavior\BuildLiteBehavior [ RunTime:0.000024s ]
INFO: [ app_init ] --END-- [ RunTime:0.000654s ]
INFO: [ app_begin ] --START--
INFO: Run Behavior\ReadHtmlCacheBehavior [ RunTime:0.000759s ]
INFO: [ app_begin ] --END-- [ RunTime:0.000847s ]
SQL: DESCRIBE isa_user [ RunTime:0.003081s ]
SQL: SELECT * FROM `isa_user` WHERE `user_name` = 'ziav' LIMIT 1   [ RunTime:0.000337s ]
NOTIC: [8] Undefined index: pwd F:\WWW\PocketAntiServer\Application\Home\Controller\IndexController.class.php 第 24 行.
NOTIC: [8] Array to string conversion F:\WWW\PocketAntiServer\Application\Home\Controller\IndexController.class.php 第 25 行.
INFO: [ app_end ] --START--
INFO: Run Behavior\ShowPageTraceBehavior [ RunTime:0.000583s ]
INFO: [ app_end ] --END-- [ RunTime:0.000630s ]

[ 2014-09-18T01:11:04+08:00 ] ::1 /PocketAntiServer/?c=index&a=login&user_name=ziav&pwd=123456
INFO: [ app_init ] --START--
INFO: Run Behavior\BuildLiteBehavior [ RunTime:0.000024s ]
INFO: [ app_init ] --END-- [ RunTime:0.000633s ]
INFO: [ app_begin ] --START--
INFO: Run Behavior\ReadHtmlCacheBehavior [ RunTime:0.000764s ]
INFO: [ app_begin ] --END-- [ RunTime:0.000863s ]
SQL: DESCRIBE isa_user [ RunTime:0.002021s ]
SQL: SELECT * FROM `isa_user` WHERE `user_name` = 'ziav' LIMIT 1   [ RunTime:0.000220s ]
NOTIC: [8] Undefined index: pwd F:\WWW\PocketAntiServer\Application\Home\Controller\IndexController.class.php 第 24 行.
INFO: [ app_end ] --START--
INFO: Run Behavior\ShowPageTraceBehavior [ RunTime:0.000384s ]
INFO: [ app_end ] --END-- [ RunTime:0.000417s ]

[ 2014-09-18T01:11:17+08:00 ] ::1 /PocketAntiServer/?c=index&a=login&user_name=ziav&pwd=123456
INFO: [ app_init ] --START--
INFO: Run Behavior\BuildLiteBehavior [ RunTime:0.000030s ]
INFO: [ app_init ] --END-- [ RunTime:0.000592s ]
INFO: [ app_begin ] --START--
INFO: Run Behavior\ReadHtmlCacheBehavior [ RunTime:0.000753s ]
INFO: [ app_begin ] --END-- [ RunTime:0.000839s ]
SQL: DESCRIBE isa_user [ RunTime:0.001959s ]
SQL: SELECT * FROM `isa_user` WHERE `user_name` = 'ziav' LIMIT 1   [ RunTime:0.000194s ]
NOTIC: [8] Undefined index: pwd F:\WWW\PocketAntiServer\Application\Home\Controller\IndexController.class.php 第 24 行.
INFO: [ app_end ] --START--
INFO: Run Behavior\ShowPageTraceBehavior [ RunTime:0.000408s ]
INFO: [ app_end ] --END-- [ RunTime:0.000439s ]

[ 2014-09-18T01:11:25+08:00 ] ::1 /PocketAntiServer/?c=index&a=login&user_name=ziav&pwd=123456
INFO: [ app_init ] --START--
INFO: Run Behavior\BuildLiteBehavior [ RunTime:0.000022s ]
INFO: [ app_init ] --END-- [ RunTime:0.000622s ]
INFO: [ app_begin ] --START--
INFO: Run Behavior\ReadHtmlCacheBehavior [ RunTime:0.000767s ]
INFO: [ app_begin ] --END-- [ RunTime:0.000854s ]
SQL: DESCRIBE isa_user [ RunTime:0.002009s ]
SQL: SELECT * FROM `isa_user` WHERE `user_name` = 'ziav' LIMIT 1   [ RunTime:0.000253s ]
NOTIC: [8] Undefined index: pwd F:\WWW\PocketAntiServer\Application\Home\Controller\IndexController.class.php 第 24 行.
INFO: [ app_end ] --START--
INFO: Run Behavior\ShowPageTraceBehavior [ RunTime:0.000402s ]
INFO: [ app_end ] --END-- [ RunTime:0.000435s ]

[ 2014-09-18T01:12:39+08:00 ] ::1 /PocketAntiServer/?c=index&a=login&user_name=ziav&pwd=123456
INFO: [ app_init ] --START--
INFO: Run Behavior\BuildLiteBehavior [ RunTime:0.000024s ]
INFO: [ app_init ] --END-- [ RunTime:0.000674s ]
INFO: [ app_begin ] --START--
INFO: Run Behavior\ReadHtmlCacheBehavior [ RunTime:0.000817s ]
INFO: [ app_begin ] --END-- [ RunTime:0.000907s ]
SQL: DESCRIBE isa_user [ RunTime:0.002068s ]
SQL: SELECT * FROM `isa_user` WHERE `user_name` = 'ziav' LIMIT 1   [ RunTime:0.000228s ]
NOTIC: [8] Undefined index: pwd F:\WWW\PocketAntiServer\Application\Home\Controller\IndexController.class.php 第 23 行.
INFO: [ app_end ] --START--
INFO: Run Behavior\ShowPageTraceBehavior [ RunTime:0.000443s ]
INFO: [ app_end ] --END-- [ RunTime:0.000481s ]

[ 2014-09-18T01:35:26+08:00 ] ::1 /PocketAntiServer/
INFO: [ app_init ] --START--
INFO: Run Behavior\BuildLiteBehavior [ RunTime:0.000012s ]
INFO: [ app_init ] --END-- [ RunTime:0.000380s ]
INFO: [ app_begin ] --START--
INFO: Run Behavior\ReadHtmlCacheBehavior [ RunTime:0.000586s ]
INFO: [ app_begin ] --END-- [ RunTime:0.000632s ]
ERR: 非法操作:index

[ 2014-09-18T01:36:44+08:00 ] ::1 /PocketAntiServer/?m=Home&c=Index&a=login
INFO: [ app_init ] --START--
INFO: Run Behavior\BuildLiteBehavior [ RunTime:0.000011s ]
INFO: [ app_init ] --END-- [ RunTime:0.000253s ]
INFO: [ app_begin ] --START--
INFO: Run Behavior\ReadHtmlCacheBehavior [ RunTime:0.000305s ]
INFO: [ app_begin ] --END-- [ RunTime:0.000339s ]
INFO: [ app_end ] --START--
INFO: Run Behavior\ShowPageTraceBehavior [ RunTime:0.000785s ]
INFO: [ app_end ] --END-- [ RunTime:0.000868s ]

[ 2014-09-18T01:37:09+08:00 ] ::1 /PocketAntiServer/?m=Home&c=Index&a=login&user_name=ziav&pwd=123456
INFO: [ app_init ] --START--
INFO: Run Behavior\BuildLiteBehavior [ RunTime:0.000012s ]
INFO: [ app_init ] --END-- [ RunTime:0.000368s ]
INFO: [ app_begin ] --START--
INFO: Run Behavior\ReadHtmlCacheBehavior [ RunTime:0.000315s ]
INFO: [ app_begin ] --END-- [ RunTime:0.000348s ]
SQL: DESCRIBE isa_user [ RunTime:0.002412s ]
SQL: SELECT * FROM `isa_user` WHERE `user_name` = 'ziav' LIMIT 1   [ RunTime:0.000243s ]

[ 2014-09-18T01:37:30+08:00 ] ::1 /PocketAntiServer/?m=Home&c=Index&a=login&user_name=ziav&pwd=12345
INFO: [ app_init ] --START--
INFO: Run Behavior\BuildLiteBehavior [ RunTime:0.000012s ]
INFO: [ app_init ] --END-- [ RunTime:0.000295s ]
INFO: [ app_begin ] --START--
INFO: Run Behavior\ReadHtmlCacheBehavior [ RunTime:0.000515s ]
INFO: [ app_begin ] --END-- [ RunTime:0.000592s ]
SQL: DESCRIBE isa_user [ RunTime:0.002085s ]
SQL: SELECT * FROM `isa_user` WHERE `user_name` = 'ziav' LIMIT 1   [ RunTime:0.000250s ]

[ 2014-09-18T01:40:27+08:00 ] ::1 /PocketAntiServer/?m=Home&c=Index&a=login
INFO: [ app_init ] --START--
INFO: Run Behavior\BuildLiteBehavior [ RunTime:0.000022s ]
INFO: [ app_init ] --END-- [ RunTime:0.000678s ]
INFO: [ app_begin ] --START--
INFO: Run Behavior\ReadHtmlCacheBehavior [ RunTime:0.000835s ]
INFO: [ app_begin ] --END-- [ RunTime:0.000929s ]
INFO: [ app_end ] --START--
INFO: Run Behavior\ShowPageTraceBehavior [ RunTime:0.000839s ]
INFO: [ app_end ] --END-- [ RunTime:0.000939s ]

[ 2014-09-18T01:40:27+08:00 ] ::1 /PocketAntiServer/?m=Home&c=Index&a=login
INFO: [ app_init ] --START--
INFO: Run Behavior\BuildLiteBehavior [ RunTime:0.000021s ]
INFO: [ app_init ] --END-- [ RunTime:0.000366s ]
INFO: [ app_begin ] --START--
INFO: Run Behavior\ReadHtmlCacheBehavior [ RunTime:0.000438s ]
INFO: [ app_begin ] --END-- [ RunTime:0.000490s ]
INFO: [ app_end ] --START--
INFO: Run Behavior\ShowPageTraceBehavior [ RunTime:0.000466s ]
INFO: [ app_end ] --END-- [ RunTime:0.000517s ]

[ 2014-09-18T01:40:34+08:00 ] ::1 /PocketAntiServer/?m=Home&c=Index&a=login&user_name=ziav&pwd=123456
INFO: [ app_init ] --START--
INFO: Run Behavior\BuildLiteBehavior [ RunTime:0.000023s ]
INFO: [ app_init ] --END-- [ RunTime:0.000610s ]
INFO: [ app_begin ] --START--
INFO: Run Behavior\ReadHtmlCacheBehavior [ RunTime:0.000743s ]
INFO: [ app_begin ] --END-- [ RunTime:0.000831s ]
SQL: DESCRIBE isa_user [ RunTime:0.002086s ]
SQL: SELECT * FROM `isa_user` WHERE `user_name` = 'ziav' LIMIT 1   [ RunTime:0.000248s ]
NOTIC: [8] Undefined index: pwd F:\WWW\PocketAntiServer\Application\Home\Controller\IndexController.class.php 第 22 行.
INFO: [ app_end ] --START--
INFO: Run Behavior\ShowPageTraceBehavior [ RunTime:0.000399s ]
INFO: [ app_end ] --END-- [ RunTime:0.000434s ]

[ 2014-09-18T01:40:35+08:00 ] ::1 /PocketAntiServer/?m=Home&c=Index&a=login&user_name=ziav&pwd=123456
INFO: [ app_init ] --START--
INFO: Run Behavior\BuildLiteBehavior [ RunTime:0.000022s ]
INFO: [ app_init ] --END-- [ RunTime:0.000583s ]
INFO: [ app_begin ] --START--
INFO: Run Behavior\ReadHtmlCacheBehavior [ RunTime:0.000756s ]
INFO: [ app_begin ] --END-- [ RunTime:0.000843s ]
SQL: DESCRIBE isa_user [ RunTime:0.005344s ]
SQL: SELECT * FROM `isa_user` WHERE `user_name` = 'ziav' LIMIT 1   [ RunTime:0.000618s ]
NOTIC: [8] Undefined index: pwd F:\WWW\PocketAntiServer\Application\Home\Controller\IndexController.class.php 第 22 行.
INFO: [ app_end ] --START--
INFO: Run Behavior\ShowPageTraceBehavior [ RunTime:0.000946s ]
INFO: [ app_end ] --END-- [ RunTime:0.001029s ]

[ 2014-09-18T01:45:03+08:00 ] ::1 /PocketAntiServer/?m=Home&c=Index&a=login&user_name=ziav&pwd=123456
INFO: [ app_init ] --START--
INFO: Run Behavior\BuildLiteBehavior [ RunTime:0.000009s ]
INFO: [ app_init ] --END-- [ RunTime:0.000278s ]
INFO: [ app_begin ] --START--
INFO: Run Behavior\ReadHtmlCacheBehavior [ RunTime:0.000446s ]
INFO: [ app_begin ] --END-- [ RunTime:0.000481s ]
SQL: DESCRIBE isa_user [ RunTime:0.002147s ]
SQL: SELECT * FROM `isa_user` WHERE `user_name` = 'ziav' LIMIT 1   [ RunTime:0.000195s ]
NOTIC: [8] Undefined index: pwd F:\WWW\PocketAntiServer\Application\Home\Controller\IndexController.class.php 第 22 行.
INFO: [ app_end ] --START--
INFO: Run Behavior\ShowPageTraceBehavior [ RunTime:0.000438s ]
INFO: [ app_end ] --END-- [ RunTime:0.000473s ]

[ 2014-09-18T01:45:04+08:00 ] ::1 /PocketAntiServer/?m=Home&c=Index&a=login&user_name=ziav&pwd=123456
INFO: [ app_init ] --START--
INFO: Run Behavior\BuildLiteBehavior [ RunTime:0.000022s ]
INFO: [ app_init ] --END-- [ RunTime:0.000573s ]
INFO: [ app_begin ] --START--
INFO: Run Behavior\ReadHtmlCacheBehavior [ RunTime:0.000727s ]
INFO: [ app_begin ] --END-- [ RunTime:0.000825s ]
SQL: DESCRIBE isa_user [ RunTime:0.005335s ]
SQL: SELECT * FROM `isa_user` WHERE `user_name` = 'ziav' LIMIT 1   [ RunTime:0.000597s ]
NOTIC: [8] Undefined index: pwd F:\WWW\PocketAntiServer\Application\Home\Controller\IndexController.class.php 第 22 行.
INFO: [ app_end ] --START--
INFO: Run Behavior\ShowPageTraceBehavior [ RunTime:0.000900s ]
INFO: [ app_end ] --END-- [ RunTime:0.000988s ]

[ 2014-09-18T01:45:29+08:00 ] ::1 /PocketAntiServer/?m=Home&c=Index&a=login&user_name=ziav&pwd=123456
INFO: [ app_init ] --START--
INFO: Run Behavior\BuildLiteBehavior [ RunTime:0.000022s ]
INFO: [ app_init ] --END-- [ RunTime:0.000588s ]
INFO: [ app_begin ] --START--
INFO: Run Behavior\ReadHtmlCacheBehavior [ RunTime:0.000764s ]
INFO: [ app_begin ] --END-- [ RunTime:0.000875s ]
SQL: DESCRIBE isa_user [ RunTime:0.002873s ]
SQL: SELECT * FROM `isa_user` WHERE `user_name` = 'ziav' LIMIT 1   [ RunTime:0.000354s ]
NOTIC: [8] Undefined index: pwd F:\WWW\PocketAntiServer\Application\Home\Controller\IndexController.class.php 第 22 行.
INFO: [ app_end ] --START--
INFO: Run Behavior\ShowPageTraceBehavior [ RunTime:0.000508s ]
INFO: [ app_end ] --END-- [ RunTime:0.000555s ]

[ 2014-09-18T01:47:26+08:00 ] ::1 /PocketAntiServer/
INFO: [ app_init ] --START--
INFO: Run Behavior\BuildLiteBehavior [ RunTime:0.000014s ]
INFO: [ app_init ] --END-- [ RunTime:0.000410s ]
INFO: [ app_begin ] --START--
INFO: Run Behavior\ReadHtmlCacheBehavior [ RunTime:0.000553s ]
INFO: [ app_begin ] --END-- [ RunTime:0.000601s ]
ERR: 非法操作:index

[ 2014-09-18T01:48:25+08:00 ] ::1 /PocketAntiServer/?a=login&user_name=ziav&pwd=123456
INFO: [ app_init ] --START--
INFO: Run Behavior\BuildLiteBehavior [ RunTime:0.000014s ]
INFO: [ app_init ] --END-- [ RunTime:0.000358s ]
INFO: [ app_begin ] --START--
INFO: Run Behavior\ReadHtmlCacheBehavior [ RunTime:0.000425s ]
INFO: [ app_begin ] --END-- [ RunTime:0.000460s ]
SQL: DESCRIBE isa_user [ RunTime:0.002087s ]
SQL: SELECT * FROM `isa_user` WHERE `user_name` = 'ziav' LIMIT 1   [ RunTime:0.000220s ]
NOTIC: [8] Undefined index: pwd F:\WWW\PocketAntiServer\Application\Home\Controller\IndexController.class.php 第 22 行.
INFO: [ app_end ] --START--
INFO: Run Behavior\ShowPageTraceBehavior [ RunTime:0.000538s ]
INFO: [ app_end ] --END-- [ RunTime:0.000570s ]

[ 2014-09-18T01:48:48+08:00 ] ::1 /PocketAntiServer/?a=login&user_name=ziav&pwd=123456
INFO: [ app_init ] --START--
INFO: Run Behavior\BuildLiteBehavior [ RunTime:0.000023s ]
INFO: [ app_init ] --END-- [ RunTime:0.000781s ]
INFO: [ app_begin ] --START--
INFO: Run Behavior\ReadHtmlCacheBehavior [ RunTime:0.001101s ]
INFO: [ app_begin ] --END-- [ RunTime:0.001194s ]
SQL: DESCRIBE isa_user [ RunTime:0.002087s ]
SQL: SELECT * FROM `isa_user` WHERE `user_name` = 'ziav' LIMIT 1   [ RunTime:0.000231s ]
NOTIC: [8] Undefined index: pwd F:\WWW\PocketAntiServer\Application\Home\Controller\IndexController.class.php 第 23 行.
INFO: [ app_end ] --START--
INFO: Run Behavior\ShowPageTraceBehavior [ RunTime:0.000504s ]
INFO: [ app_end ] --END-- [ RunTime:0.000538s ]

[ 2014-09-18T01:49:15+08:00 ] ::1 /PocketAntiServer/?a=login&user_name=ziav&pwd=123456
INFO: [ app_init ] --START--
INFO: Run Behavior\BuildLiteBehavior [ RunTime:0.000023s ]
INFO: [ app_init ] --END-- [ RunTime:0.000687s ]
INFO: [ app_begin ] --START--
INFO: Run Behavior\ReadHtmlCacheBehavior [ RunTime:0.000959s ]
INFO: [ app_begin ] --END-- [ RunTime:0.001050s ]
SQL: DESCRIBE isa_user [ RunTime:0.002778s ]
SQL: SELECT * FROM `isa_user` WHERE `user_name` = 'ziav' LIMIT 1   [ RunTime:0.000258s ]
NOTIC: [8] Undefined index: pwd F:\WWW\PocketAntiServer\Application\Home\Controller\IndexController.class.php 第 22 行.
INFO: [ app_end ] --START--
INFO: Run Behavior\ShowPageTraceBehavior [ RunTime:0.000479s ]
INFO: [ app_end ] --END-- [ RunTime:0.000512s ]

[ 2014-09-18T01:50:05+08:00 ] ::1 /PocketAntiServer/?a=login&user_name=ziav&pwd=123456
INFO: [ app_init ] --START--
INFO: Run Behavior\BuildLiteBehavior [ RunTime:0.000021s ]
INFO: [ app_init ] --END-- [ RunTime:0.000426s ]
INFO: [ app_begin ] --START--
INFO: Run Behavior\ReadHtmlCacheBehavior [ RunTime:0.000569s ]
INFO: [ app_begin ] --END-- [ RunTime:0.000626s ]
SQL: DESCRIBE isa_user [ RunTime:0.003507s ]
SQL: SELECT * FROM `isa_user` WHERE `user_name` = 'ziav' LIMIT 1   [ RunTime:0.000353s ]

[ 2014-09-18T01:51:11+08:00 ] ::1 /PocketAntiServer/?a=login&user_name=ziav&user_pwd=123456
INFO: [ app_init ] --START--
INFO: Run Behavior\BuildLiteBehavior [ RunTime:0.000011s ]
INFO: [ app_init ] --END-- [ RunTime:0.000285s ]
INFO: [ app_begin ] --START--
INFO: Run Behavior\ReadHtmlCacheBehavior [ RunTime:0.000627s ]
INFO: [ app_begin ] --END-- [ RunTime:0.000739s ]
SQL: DESCRIBE isa_user [ RunTime:0.002116s ]
SQL: SELECT * FROM `isa_user` WHERE `user_name` = 'ziav' LIMIT 1   [ RunTime:0.000257s ]

[ 2014-09-18T01:51:19+08:00 ] ::1 /PocketAntiServer/?a=login&user_name=ziav&user_pwd=123456
INFO: [ app_init ] --START--
INFO: Run Behavior\BuildLiteBehavior [ RunTime:0.000024s ]
INFO: [ app_init ] --END-- [ RunTime:0.000789s ]
INFO: [ app_begin ] --START--
INFO: Run Behavior\ReadHtmlCacheBehavior [ RunTime:0.000936s ]
INFO: [ app_begin ] --END-- [ RunTime:0.001025s ]
SQL: DESCRIBE isa_user [ RunTime:0.002130s ]
SQL: SELECT * FROM `isa_user` WHERE `user_name` = 'ziav' LIMIT 1   [ RunTime:0.000257s ]
SQL: UPDATE `isa_user` SET `last_time`='2014-09-18 01:51:19',`last_ip`='0.0.0.0' WHERE `user_name` = 'ziav' [ RunTime:0.000202s ]
INFO: [ app_end ] --START--
INFO: Run Behavior\ShowPageTraceBehavior [ RunTime:0.000486s ]
INFO: [ app_end ] --END-- [ RunTime:0.000518s ]

[ 2014-09-18T01:51:23+08:00 ] ::1 /PocketAntiServer/?a=login&user_name=ziav&user_pwd=123456
INFO: [ app_init ] --START--
INFO: Run Behavior\BuildLiteBehavior [ RunTime:0.000023s ]
INFO: [ app_init ] --END-- [ RunTime:0.000688s ]
INFO: [ app_begin ] --START--
INFO: Run Behavior\ReadHtmlCacheBehavior [ RunTime:0.000911s ]
INFO: [ app_begin ] --END-- [ RunTime:0.001004s ]
SQL: DESCRIBE isa_user [ RunTime:0.002071s ]
SQL: SELECT * FROM `isa_user` WHERE `user_name` = 'ziav' LIMIT 1   [ RunTime:0.000237s ]
SQL: UPDATE `isa_user` SET `last_time`='2014-09-18 01:51:23',`last_ip`='0.0.0.0' WHERE `user_name` = 'ziav' [ RunTime:0.000203s ]
INFO: [ app_end ] --START--
INFO: Run Behavior\ShowPageTraceBehavior [ RunTime:0.000508s ]
INFO: [ app_end ] --END-- [ RunTime:0.000539s ]

[ 2014-09-18T01:55:01+08:00 ] ::1 /PocketAntiServer/?a=login&user_name=ziav&user_pwd=123456
INFO: [ app_init ] --START--
INFO: Run Behavior\BuildLiteBehavior [ RunTime:0.000014s ]
INFO: [ app_init ] --END-- [ RunTime:0.000393s ]
INFO: [ app_begin ] --START--
INFO: Run Behavior\ReadHtmlCacheBehavior [ RunTime:0.000523s ]
INFO: [ app_begin ] --END-- [ RunTime:0.000573s ]
SQL: DESCRIBE isa_user [ RunTime:0.002900s ]
SQL: SELECT * FROM `isa_user` WHERE `user_name` = 'ziav' LIMIT 1   [ RunTime:0.000327s ]
SQL: UPDATE `isa_user` SET `last_time`='2014-09-18 01:55:01',`last_ip`='0.0.0.0' WHERE `user_name` = 'ziav' [ RunTime:0.000261s ]
INFO: [ app_end ] --START--
INFO: Run Behavior\ShowPageTraceBehavior [ RunTime:0.000632s ]
INFO: [ app_end ] --END-- [ RunTime:0.000680s ]

[ 2014-09-18T01:55:02+08:00 ] ::1 /PocketAntiServer/?a=login&user_name=ziav&user_pwd=123456
INFO: [ app_init ] --START--
INFO: Run Behavior\BuildLiteBehavior [ RunTime:0.000022s ]
INFO: [ app_init ] --END-- [ RunTime:0.000617s ]
INFO: [ app_begin ] --START--
INFO: Run Behavior\ReadHtmlCacheBehavior [ RunTime:0.000749s ]
INFO: [ app_begin ] --END-- [ RunTime:0.000857s ]
SQL: DESCRIBE isa_user [ RunTime:0.002131s ]
SQL: SELECT * FROM `isa_user` WHERE `user_name` = 'ziav' LIMIT 1   [ RunTime:0.000261s ]
SQL: UPDATE `isa_user` SET `last_time`='2014-09-18 01:55:02',`last_ip`='0.0.0.0' WHERE `user_name` = 'ziav' [ RunTime:0.000192s ]
INFO: [ app_end ] --START--
INFO: Run Behavior\ShowPageTraceBehavior [ RunTime:0.000387s ]
INFO: [ app_end ] --END-- [ RunTime:0.000421s ]

[ 2014-09-18T02:04:39+08:00 ] ::1 /PocketAntiServer/?a=login&user_name=ziav&user_pwd=123456
INFO: [ app_init ] --START--
INFO: Run Behavior\BuildLiteBehavior [ RunTime:0.000009s ]
INFO: [ app_init ] --END-- [ RunTime:0.000267s ]
INFO: [ app_begin ] --START--
INFO: Run Behavior\ReadHtmlCacheBehavior [ RunTime:0.000370s ]
INFO: [ app_begin ] --END-- [ RunTime:0.000438s ]
SQL: DESCRIBE isa_user [ RunTime:0.002118s ]
SQL: SELECT * FROM `isa_user` WHERE `user_name` = 'ziav' LIMIT 1   [ RunTime:0.000258s ]
SQL: UPDATE `isa_user` SET `last_time`='2014-09-18 02:04:39',`last_ip`='0.0.0.0' WHERE `user_name` = 'ziav' [ RunTime:0.000207s ]
INFO: [ app_end ] --START--
INFO: Run Behavior\ShowPageTraceBehavior [ RunTime:0.000483s ]
INFO: [ app_end ] --END-- [ RunTime:0.000517s ]

[ 2014-09-18T02:04:40+08:00 ] ::1 /PocketAntiServer/?a=login&user_name=ziav&user_pwd=123456
INFO: [ app_init ] --START--
INFO: Run Behavior\BuildLiteBehavior [ RunTime:0.000023s ]
INFO: [ app_init ] --END-- [ RunTime:0.000581s ]
INFO: [ app_begin ] --START--
INFO: Run Behavior\ReadHtmlCacheBehavior [ RunTime:0.000744s ]
INFO: [ app_begin ] --END-- [ RunTime:0.000829s ]
SQL: DESCRIBE isa_user [ RunTime:0.002032s ]
SQL: SELECT * FROM `isa_user` WHERE `user_name` = 'ziav' LIMIT 1   [ RunTime:0.000220s ]
SQL: UPDATE `isa_user` SET `last_time`='2014-09-18 02:04:40',`last_ip`='0.0.0.0' WHERE `user_name` = 'ziav' [ RunTime:0.000178s ]
INFO: [ app_end ] --START--
INFO: Run Behavior\ShowPageTraceBehavior [ RunTime:0.000411s ]
INFO: [ app_end ] --END-- [ RunTime:0.000444s ]

[ 2014-09-18T02:57:35+08:00 ] ::1 /PocketAntiServer/
INFO: [ app_init ] --START--
INFO: Run Behavior\BuildLiteBehavior [ RunTime:0.000009s ]
INFO: [ app_init ] --END-- [ RunTime:0.000270s ]
INFO: [ app_begin ] --START--
INFO: Run Behavior\ReadHtmlCacheBehavior [ RunTime:0.000421s ]
INFO: [ app_begin ] --END-- [ RunTime:0.000460s ]
INFO: [ app_end ] --START--
INFO: Run Behavior\ShowPageTraceBehavior [ RunTime:0.000338s ]
INFO: [ app_end ] --END-- [ RunTime:0.000376s ]

[ 2014-09-18T02:58:23+08:00 ] ::1 /PocketAntiServer/?c=index&a=register&user_name=ziav&user_pwd=123456
INFO: [ app_init ] --START--
INFO: Run Behavior\BuildLiteBehavior [ RunTime:0.000014s ]
INFO: [ app_init ] --END-- [ RunTime:0.000300s ]
INFO: [ app_begin ] --START--
INFO: Run Behavior\ReadHtmlCacheBehavior [ RunTime:0.000339s ]
INFO: [ app_begin ] --END-- [ RunTime:0.000377s ]
SQL: DESCRIBE isa_user [ RunTime:0.002063s ]
SQL: SELECT COUNT(*) AS tp_count FROM `isa_user` WHERE ( user_name="ziav" ) LIMIT 1   [ RunTime:0.000195s ]
INFO: [ app_end ] --START--
INFO: Run Behavior\ShowPageTraceBehavior [ RunTime:0.000405s ]
INFO: [ app_end ] --END-- [ RunTime:0.000439s ]

[ 2014-09-18T02:58:38+08:00 ] ::1 /PocketAntiServer/?c=index&a=register&user_name=ziav&user_pwd=123456
INFO: [ app_init ] --START--
INFO: Run Behavior\BuildLiteBehavior [ RunTime:0.000024s ]
INFO: [ app_init ] --END-- [ RunTime:0.000613s ]
INFO: [ app_begin ] --START--
INFO: Run Behavior\ReadHtmlCacheBehavior [ RunTime:0.000742s ]
INFO: [ app_begin ] --END-- [ RunTime:0.000827s ]
SQL: DESCRIBE isa_user [ RunTime:0.002103s ]
SQL: SELECT COUNT(*) AS tp_count FROM `isa_user` WHERE ( user_name="ziav" ) LIMIT 1   [ RunTime:0.000185s ]
SQL: INSERT INTO `isa_user` (`uid`,`user_name`,`user_pwd`,`create_time`,`last_ip`) VALUES ('605711d480004c4d652233e5eeafa997','ziav','e10adc3949ba59abbe56e057f20f883e','2014-09-18 02:58:38','0.0.0.0') [ RunTime:0.000233s ]
INFO: [ app_end ] --START--
INFO: Run Behavior\ShowPageTraceBehavior [ RunTime:0.000391s ]
INFO: [ app_end ] --END-- [ RunTime:0.000426s ]

[ 2014-09-18T02:59:05+08:00 ] ::1 /PocketAntiServer/?c=index&a=register&user_name=ziav&user_pwd=123456
INFO: [ app_init ] --START--
INFO: Run Behavior\BuildLiteBehavior [ RunTime:0.000024s ]
INFO: [ app_init ] --END-- [ RunTime:0.000604s ]
INFO: [ app_begin ] --START--
INFO: Run Behavior\ReadHtmlCacheBehavior [ RunTime:0.000728s ]
INFO: [ app_begin ] --END-- [ RunTime:0.000830s ]
SQL: DESCRIBE isa_user [ RunTime:0.002856s ]
SQL: SELECT COUNT(*) AS tp_count FROM `isa_user` WHERE ( user_name="ziav" ) LIMIT 1   [ RunTime:0.000306s ]
INFO: [ app_end ] --START--
INFO: Run Behavior\ShowPageTraceBehavior [ RunTime:0.000498s ]
INFO: [ app_end ] --END-- [ RunTime:0.000547s ]

[ 2014-09-18T02:59:32+08:00 ] ::1 /PocketAntiServer/?c=index&a=register&user_name=ziav&user_pwd=123456
INFO: [ app_init ] --START--
INFO: Run Behavior\BuildLiteBehavior [ RunTime:0.000022s ]
INFO: [ app_init ] --END-- [ RunTime:0.000580s ]
INFO: [ app_begin ] --START--
INFO: Run Behavior\ReadHtmlCacheBehavior [ RunTime:0.000746s ]
INFO: [ app_begin ] --END-- [ RunTime:0.000835s ]
SQL: DESCRIBE isa_user [ RunTime:0.002135s ]
SQL: SELECT COUNT(*) AS tp_count FROM `isa_user` WHERE ( user_name="ziav" ) LIMIT 1   [ RunTime:0.000260s ]
INFO: [ app_end ] --START--
INFO: Run Behavior\ShowPageTraceBehavior [ RunTime:0.000386s ]
INFO: [ app_end ] --END-- [ RunTime:0.000420s ]

[ 2014-09-18T02:59:41+08:00 ] ::1 /PocketAntiServer/?c=index&a=register&user_name=jkljkl&user_pwd=123456
INFO: [ app_init ] --START--
INFO: Run Behavior\BuildLiteBehavior [ RunTime:0.000039s ]
INFO: [ app_init ] --END-- [ RunTime:0.000866s ]
INFO: [ app_begin ] --START--
INFO: Run Behavior\ReadHtmlCacheBehavior [ RunTime:0.000565s ]
INFO: [ app_begin ] --END-- [ RunTime:0.000632s ]
SQL: DESCRIBE isa_user [ RunTime:0.002037s ]
SQL: SELECT COUNT(*) AS tp_count FROM `isa_user` WHERE ( user_name="jkljkl" ) LIMIT 1   [ RunTime:0.000207s ]
SQL: INSERT INTO `isa_user` (`uid`,`user_name`,`user_pwd`,`create_time`,`last_ip`) VALUES ('738716ca80df0ff77349c5d5dab4d342','jkljkl','e10adc3949ba59abbe56e057f20f883e','2014-09-18 02:59:41','0.0.0.0') [ RunTime:0.000175s ]
INFO: [ app_end ] --START--
INFO: Run Behavior\ShowPageTraceBehavior [ RunTime:0.000422s ]
INFO: [ app_end ] --END-- [ RunTime:0.000455s ]

[ 2014-09-18T03:00:16+08:00 ] ::1 /PocketAntiServer/?c=index&a=register&user_name=ziav&user_pwd=123456
INFO: [ app_init ] --START--
INFO: Run Behavior\BuildLiteBehavior [ RunTime:0.000024s ]
INFO: [ app_init ] --END-- [ RunTime:0.000706s ]
INFO: [ app_begin ] --START--
INFO: Run Behavior\ReadHtmlCacheBehavior [ RunTime:0.000615s ]
INFO: [ app_begin ] --END-- [ RunTime:0.000652s ]
SQL: DESCRIBE isa_user [ RunTime:0.002055s ]
SQL: SELECT COUNT(*) AS tp_count FROM `isa_user` WHERE ( user_name="ziav" ) LIMIT 1   [ RunTime:0.000201s ]
INFO: [ app_end ] --START--
INFO: Run Behavior\ShowPageTraceBehavior [ RunTime:0.000746s ]
INFO: [ app_end ] --END-- [ RunTime:0.000781s ]

[ 2014-09-18T03:01:17+08:00 ] ::1 /PocketAntiServer/?c=index&a=register&user_name=&user_pwd=
INFO: [ app_init ] --START--
INFO: Run Behavior\BuildLiteBehavior [ RunTime:0.000011s ]
INFO: [ app_init ] --END-- [ RunTime:0.000425s ]
INFO: [ app_begin ] --START--
INFO: Run Behavior\ReadHtmlCacheBehavior [ RunTime:0.000598s ]
INFO: [ app_begin ] --END-- [ RunTime:0.000634s ]
INFO: [ app_end ] --START--
INFO: Run Behavior\ShowPageTraceBehavior [ RunTime:0.000616s ]
INFO: [ app_end ] --END-- [ RunTime:0.000652s ]

[ 2014-09-18T03:02:01+08:00 ] 127.0.0.1 /PocketAntiServer/?c=index&a=register&user_name=abc&user_pwd=123
INFO: [ app_init ] --START--
INFO: Run Behavior\BuildLiteBehavior [ RunTime:0.000012s ]
INFO: [ app_init ] --END-- [ RunTime:0.000346s ]
INFO: [ app_begin ] --START--
INFO: Run Behavior\ReadHtmlCacheBehavior [ RunTime:0.000362s ]
INFO: [ app_begin ] --END-- [ RunTime:0.000397s ]
SQL: DESCRIBE isa_user [ RunTime:0.002077s ]
SQL: SELECT COUNT(*) AS tp_count FROM `isa_user` WHERE ( user_name="abc" ) LIMIT 1   [ RunTime:0.000255s ]
SQL: INSERT INTO `isa_user` (`uid`,`user_name`,`user_pwd`,`create_time`,`last_ip`) VALUES ('900150983cd24fb0d6963f7d28e17f72','abc','202cb962ac59075b964b07152d234b70','2014-09-18 03:02:01','127.0.0.1') [ RunTime:0.000247s ]
INFO: [ app_end ] --START--
INFO: Run Behavior\ShowPageTraceBehavior [ RunTime:0.000470s ]
INFO: [ app_end ] --END-- [ RunTime:0.000505s ]

[ 2014-09-18T11:52:41+08:00 ] ::1 /PocketAntiServer/
INFO: [ app_init ] --START--
INFO: Run Behavior\BuildLiteBehavior [ RunTime:0.000008s ]
INFO: [ app_init ] --END-- [ RunTime:0.000271s ]
INFO: [ app_begin ] --START--
INFO: Run Behavior\ReadHtmlCacheBehavior [ RunTime:0.000366s ]
INFO: [ app_begin ] --END-- [ RunTime:0.000403s ]
INFO: [ app_end ] --START--
INFO: Run Behavior\ShowPageTraceBehavior [ RunTime:0.000331s ]
INFO: [ app_end ] --END-- [ RunTime:0.000369s ]

[ 2014-09-18T11:52:57+08:00 ] ::1 /PocketAntiServer/?a=backup
INFO: [ app_init ] --START--
INFO: Run Behavior\BuildLiteBehavior [ RunTime:0.000011s ]
INFO: [ app_init ] --END-- [ RunTime:0.000257s ]
INFO: [ app_begin ] --START--
INFO: Run Behavior\ReadHtmlCacheBehavior [ RunTime:0.000308s ]
INFO: [ app_begin ] --END-- [ RunTime:0.000344s ]
INFO: [ app_end ] --START--
INFO: Run Behavior\ShowPageTraceBehavior [ RunTime:0.000306s ]
INFO: [ app_end ] --END-- [ RunTime:0.000343s ]

[ 2014-09-18T11:53:24+08:00 ] ::1 /PocketAntiServer/?c=index&a=backup
INFO: [ app_init ] --START--
INFO: Run Behavior\BuildLiteBehavior [ RunTime:0.000012s ]
INFO: [ app_init ] --END-- [ RunTime:0.000346s ]
INFO: [ app_begin ] --START--
INFO: Run Behavior\ReadHtmlCacheBehavior [ RunTime:0.000325s ]
INFO: [ app_begin ] --END-- [ RunTime:0.000366s ]
INFO: [ app_end ] --START--
INFO: Run Behavior\ShowPageTraceBehavior [ RunTime:0.000308s ]
INFO: [ app_end ] --END-- [ RunTime:0.000345s ]

[ 2014-09-18T11:53:42+08:00 ] ::1 /PocketAntiServer/?c=index&a=backup
INFO: [ app_init ] --START--
INFO: Run Behavior\BuildLiteBehavior [ RunTime:0.000014s ]
INFO: [ app_init ] --END-- [ RunTime:0.000353s ]
INFO: [ app_begin ] --START--
INFO: Run Behavior\ReadHtmlCacheBehavior [ RunTime:0.000439s ]
INFO: [ app_begin ] --END-- [ RunTime:0.000492s ]
INFO: [ app_end ] --START--
INFO: Run Behavior\ShowPageTraceBehavior [ RunTime:0.000451s ]
INFO: [ app_end ] --END-- [ RunTime:0.000503s ]

[ 2014-09-18T11:54:39+08:00 ] ::1 /PocketAntiServer/?c=index&a=login&user_name=ziav&user_pwd=123456
INFO: [ app_init ] --START--
INFO: Run Behavior\BuildLiteBehavior [ RunTime:0.000011s ]
INFO: [ app_init ] --END-- [ RunTime:0.000278s ]
INFO: [ app_begin ] --START--
INFO: Run Behavior\ReadHtmlCacheBehavior [ RunTime:0.000344s ]
INFO: [ app_begin ] --END-- [ RunTime:0.000385s ]
SQL: DESCRIBE isa_user [ RunTime:0.002721s ]
SQL: SELECT * FROM `isa_user` WHERE `user_name` = 'ziav' LIMIT 1   [ RunTime:0.000355s ]
SQL: UPDATE `isa_user` SET `last_time`='2014-09-18 11:54:39',`last_ip`='0.0.0.0' WHERE `user_name` = 'ziav' [ RunTime:0.000294s ]
INFO: [ app_end ] --START--
INFO: Run Behavior\ShowPageTraceBehavior [ RunTime:0.000399s ]
INFO: [ app_end ] --END-- [ RunTime:0.000434s ]

[ 2014-09-18T11:54:43+08:00 ] ::1 /PocketAntiServer/?c=index&a=backup
INFO: [ app_init ] --START--
INFO: Run Behavior\BuildLiteBehavior [ RunTime:0.000022s ]
INFO: [ app_init ] --END-- [ RunTime:0.000669s ]
INFO: [ app_begin ] --START--
INFO: Run Behavior\ReadHtmlCacheBehavior [ RunTime:0.000806s ]
INFO: [ app_begin ] --END-- [ RunTime:0.000915s ]
INFO: [ app_end ] --START--
INFO: Run Behavior\ShowPageTraceBehavior [ RunTime:0.000832s ]
INFO: [ app_end ] --END-- [ RunTime:0.000919s ]

[ 2014-09-18T11:55:18+08:00 ] ::1 /PocketAntiServer/?c=index&a=login&user_name=abc&user_pwd=123456
INFO: [ app_init ] --START--
INFO: Run Behavior\BuildLiteBehavior [ RunTime:0.000017s ]
INFO: [ app_init ] --END-- [ RunTime:0.000566s ]
INFO: [ app_begin ] --START--
INFO: Run Behavior\ReadHtmlCacheBehavior [ RunTime:0.000881s ]
INFO: [ app_begin ] --END-- [ RunTime:0.000924s ]
SQL: DESCRIBE isa_user [ RunTime:0.002162s ]
SQL: SELECT * FROM `isa_user` WHERE `user_name` = 'abc' LIMIT 1   [ RunTime:0.000242s ]
INFO: [ app_end ] --START--
INFO: Run Behavior\ShowPageTraceBehavior [ RunTime:0.000711s ]
INFO: [ app_end ] --END-- [ RunTime:0.000746s ]

[ 2014-09-18T11:55:59+08:00 ] ::1 /PocketAntiServer/?c=index&a=login&user_name=abc&user_pwd=123
INFO: [ app_init ] --START--
INFO: Run Behavior\BuildLiteBehavior [ RunTime:0.000012s ]
INFO: [ app_init ] --END-- [ RunTime:0.000605s ]
INFO: [ app_begin ] --START--
INFO: Run Behavior\ReadHtmlCacheBehavior [ RunTime:0.000617s ]
INFO: [ app_begin ] --END-- [ RunTime:0.000653s ]
SQL: DESCRIBE isa_user [ RunTime:0.002108s ]
SQL: SELECT * FROM `isa_user` WHERE `user_name` = 'abc' LIMIT 1   [ RunTime:0.000277s ]
SQL: UPDATE `isa_user` SET `last_time`='2014-09-18 11:55:59',`last_ip`='0.0.0.0' WHERE `user_name` = 'abc' [ RunTime:0.000203s ]
INFO: [ app_end ] --START--
INFO: Run Behavior\ShowPageTraceBehavior [ RunTime:0.000686s ]
INFO: [ app_end ] --END-- [ RunTime:0.000721s ]

[ 2014-09-18T11:56:03+08:00 ] ::1 /PocketAntiServer/?c=index&a=backup
INFO: [ app_init ] --START--
INFO: Run Behavior\BuildLiteBehavior [ RunTime:0.000025s ]
INFO: [ app_init ] --END-- [ RunTime:0.000966s ]
INFO: [ app_begin ] --START--
INFO: Run Behavior\ReadHtmlCacheBehavior [ RunTime:0.001385s ]
INFO: [ app_begin ] --END-- [ RunTime:0.001488s ]
INFO: [ app_end ] --START--
INFO: Run Behavior\ShowPageTraceBehavior [ RunTime:0.001442s ]
INFO: [ app_end ] --END-- [ RunTime:0.001531s ]

[ 2014-09-18T11:56:04+08:00 ] ::1 /PocketAntiServer/?c=index&a=backup
INFO: [ app_init ] --START--
INFO: Run Behavior\BuildLiteBehavior [ RunTime:0.000025s ]
INFO: [ app_init ] --END-- [ RunTime:0.000951s ]
INFO: [ app_begin ] --START--
INFO: Run Behavior\ReadHtmlCacheBehavior [ RunTime:0.001429s ]
INFO: [ app_begin ] --END-- [ RunTime:0.001521s ]
INFO: [ app_end ] --START--
INFO: Run Behavior\ShowPageTraceBehavior [ RunTime:0.001508s ]
INFO: [ app_end ] --END-- [ RunTime:0.001599s ]

[ 2014-09-18T11:57:02+08:00 ] ::1 /PocketAntiServer/
INFO: [ app_init ] --START--
INFO: Run Behavior\BuildLiteBehavior [ RunTime:0.000013s ]
INFO: [ app_init ] --END-- [ RunTime:0.000398s ]
INFO: [ app_begin ] --START--
INFO: Run Behavior\ReadHtmlCacheBehavior [ RunTime:0.000496s ]
INFO: [ app_begin ] --END-- [ RunTime:0.000547s ]
INFO: [ app_end ] --START--
INFO: Run Behavior\ShowPageTraceBehavior [ RunTime:0.000478s ]
INFO: [ app_end ] --END-- [ RunTime:0.000523s ]

[ 2014-09-18T11:57:10+08:00 ] ::1 /PocketAntiServer/?a=login
INFO: [ app_init ] --START--
INFO: Run Behavior\BuildLiteBehavior [ RunTime:0.000019s ]
INFO: [ app_init ] --END-- [ RunTime:0.000414s ]
INFO: [ app_begin ] --START--
INFO: Run Behavior\ReadHtmlCacheBehavior [ RunTime:0.000410s ]
INFO: [ app_begin ] --END-- [ RunTime:0.000460s ]
INFO: [ app_end ] --START--
INFO: Run Behavior\ShowPageTraceBehavior [ RunTime:0.000365s ]
INFO: [ app_end ] --END-- [ RunTime:0.000406s ]

[ 2014-09-18T11:57:17+08:00 ] ::1 /PocketAntiServer/?a=backup
INFO: [ app_init ] --START--
INFO: Run Behavior\BuildLiteBehavior [ RunTime:0.000022s ]
INFO: [ app_init ] --END-- [ RunTime:0.000527s ]
INFO: [ app_begin ] --START--
INFO: Run Behavior\ReadHtmlCacheBehavior [ RunTime:0.000559s ]
INFO: [ app_begin ] --END-- [ RunTime:0.000626s ]
INFO: [ app_end ] --START--
INFO: Run Behavior\ShowPageTraceBehavior [ RunTime:0.000607s ]
INFO: [ app_end ] --END-- [ RunTime:0.000673s ]

[ 2014-09-18T11:57:26+08:00 ] ::1 /PocketAntiServer/?a=backup
INFO: [ app_init ] --START--
INFO: Run Behavior\BuildLiteBehavior [ RunTime:0.000011s ]
INFO: [ app_init ] --END-- [ RunTime:0.000353s ]
INFO: [ app_begin ] --START--
INFO: Run Behavior\ReadHtmlCacheBehavior [ RunTime:0.000462s ]
INFO: [ app_begin ] --END-- [ RunTime:0.000513s ]
INFO: [ app_end ] --START--
INFO: Run Behavior\ShowPageTraceBehavior [ RunTime:0.000395s ]
INFO: [ app_end ] --END-- [ RunTime:0.000444s ]

[ 2014-09-18T14:46:55+08:00 ] ::1 /PocketAntiServer/
INFO: [ app_init ] --START--
INFO: Run Behavior\BuildLiteBehavior [ RunTime:0.000012s ]
INFO: [ app_init ] --END-- [ RunTime:0.000393s ]
INFO: [ app_begin ] --START--
INFO: Run Behavior\ReadHtmlCacheBehavior [ RunTime:0.000622s ]
INFO: [ app_begin ] --END-- [ RunTime:0.000730s ]
INFO: [ app_end ] --START--
INFO: Run Behavior\ShowPageTraceBehavior [ RunTime:0.000462s ]
INFO: [ app_end ] --END-- [ RunTime:0.000503s ]

[ 2014-09-18T16:33:04+08:00 ] ::1 /PocketAntiServer/
INFO: [ app_init ] --START--
INFO: Run Behavior\BuildLiteBehavior [ RunTime:0.000009s ]
INFO: [ app_init ] --END-- [ RunTime:0.000274s ]
INFO: [ app_begin ] --START--
INFO: Run Behavior\ReadHtmlCacheBehavior [ RunTime:0.000361s ]
INFO: [ app_begin ] --END-- [ RunTime:0.000394s ]
INFO: [ app_end ] --START--
INFO: Run Behavior\ShowPageTraceBehavior [ RunTime:0.000357s ]
INFO: [ app_end ] --END-- [ RunTime:0.000392s ]

[ 2014-09-18T16:33:25+08:00 ] ::1 /PocketAntiServer/?tag=backup_vcf
INFO: [ app_init ] --START--
INFO: Run Behavior\BuildLiteBehavior [ RunTime:0.000019s ]
INFO: [ app_init ] --END-- [ RunTime:0.000300s ]
INFO: [ app_begin ] --START--
INFO: Run Behavior\ReadHtmlCacheBehavior [ RunTime:0.000372s ]
INFO: [ app_begin ] --END-- [ RunTime:0.000420s ]
INFO: [ app_end ] --START--
INFO: Run Behavior\ShowPageTraceBehavior [ RunTime:0.000549s ]
INFO: [ app_end ] --END-- [ RunTime:0.000642s ]

[ 2014-09-18T16:33:32+08:00 ] ::1 /PocketAntiServer/?tag=backup_sms
INFO: [ app_init ] --START--
INFO: Run Behavior\BuildLiteBehavior [ RunTime:0.000022s ]
INFO: [ app_init ] --END-- [ RunTime:0.000448s ]
INFO: [ app_begin ] --START--
INFO: Run Behavior\ReadHtmlCacheBehavior [ RunTime:0.000356s ]
INFO: [ app_begin ] --END-- [ RunTime:0.000399s ]
INFO: [ app_end ] --START--
INFO: Run Behavior\ShowPageTraceBehavior [ RunTime:0.000446s ]
INFO: [ app_end ] --END-- [ RunTime:0.000532s ]

[ 2014-09-18T16:38:53+08:00 ] ::1 /PocketAntiServer/?a=login&user_name=ziav&user_pwd=123456
INFO: [ app_init ] --START--
INFO: Run Behavior\BuildLiteBehavior [ RunTime:0.000021s ]
INFO: [ app_init ] --END-- [ RunTime:0.000483s ]
INFO: [ app_begin ] --START--
INFO: Run Behavior\ReadHtmlCacheBehavior [ RunTime:0.000385s ]
INFO: [ app_begin ] --END-- [ RunTime:0.000420s ]
SQL: DESCRIBE isa_user [ RunTime:0.002092s ]
SQL: SELECT * FROM `isa_user` WHERE `user_name` = 'ziav' LIMIT 1   [ RunTime:0.000276s ]
SQL: UPDATE `isa_user` SET `last_time`='2014-09-18 16:38:53',`last_ip`='0.0.0.0' WHERE `user_name` = 'ziav' [ RunTime:0.000259s ]
INFO: [ app_end ] --START--
INFO: Run Behavior\ShowPageTraceBehavior [ RunTime:0.000446s ]
INFO: [ app_end ] --END-- [ RunTime:0.000479s ]

[ 2014-09-18T16:39:01+08:00 ] ::1 /PocketAntiServer/?a=login&user_name=ziav&user_pwd=12345
INFO: [ app_init ] --START--
INFO: Run Behavior\BuildLiteBehavior [ RunTime:0.000014s ]
INFO: [ app_init ] --END-- [ RunTime:0.000284s ]
INFO: [ app_begin ] --START--
INFO: Run Behavior\ReadHtmlCacheBehavior [ RunTime:0.000331s ]
INFO: [ app_begin ] --END-- [ RunTime:0.000367s ]
SQL: DESCRIBE isa_user [ RunTime:0.002253s ]
SQL: SELECT * FROM `isa_user` WHERE `user_name` = 'ziav' LIMIT 1   [ RunTime:0.000249s ]
INFO: [ app_end ] --START--
INFO: Run Behavior\ShowPageTraceBehavior [ RunTime:0.000397s ]
INFO: [ app_end ] --END-- [ RunTime:0.000431s ]

[ 2014-09-18T17:05:17+08:00 ] ::1 /PocketAntiServer/
INFO: [ app_init ] --START--
INFO: Run Behavior\BuildLiteBehavior [ RunTime:0.000010s ]
INFO: [ app_init ] --END-- [ RunTime:0.000285s ]
INFO: [ app_begin ] --START--
INFO: Run Behavior\ReadHtmlCacheBehavior [ RunTime:0.000372s ]
INFO: [ app_begin ] --END-- [ RunTime:0.000407s ]
ERR: 无法加载控制器:Index

[ 2014-09-18T17:05:43+08:00 ] ::1 /PocketAntiServer/?c=lr&a=login
INFO: [ app_init ] --START--
INFO: Run Behavior\BuildLiteBehavior [ RunTime:0.000017s ]
INFO: [ app_init ] --END-- [ RunTime:0.000328s ]
INFO: [ app_begin ] --START--
INFO: Run Behavior\ReadHtmlCacheBehavior [ RunTime:0.000399s ]
INFO: [ app_begin ] --END-- [ RunTime:0.000441s ]
ERR: 无法加载控制器:Lr

[ 2014-09-18T17:05:56+08:00 ] ::1 /PocketAntiServer/?c=lr&a=login
INFO: [ app_init ] --START--
INFO: Run Behavior\BuildLiteBehavior [ RunTime:0.000015s ]
INFO: [ app_init ] --END-- [ RunTime:0.000302s ]
INFO: [ app_begin ] --START--
INFO: Run Behavior\ReadHtmlCacheBehavior [ RunTime:0.000630s ]
INFO: [ app_begin ] --END-- [ RunTime:0.000708s ]
ERR: 无法加载控制器:Lr

[ 2014-09-18T17:06:18+08:00 ] ::1 /PocketAntiServer/?c=LR&a=login
INFO: [ app_init ] --START--
INFO: Run Behavior\BuildLiteBehavior [ RunTime:0.000015s ]
INFO: [ app_init ] --END-- [ RunTime:0.000378s ]
INFO: [ app_begin ] --START--
INFO: Run Behavior\ReadHtmlCacheBehavior [ RunTime:0.000440s ]
INFO: [ app_begin ] --END-- [ RunTime:0.000492s ]
INFO: [ app_end ] --START--
INFO: Run Behavior\ShowPageTraceBehavior [ RunTime:0.000605s ]
INFO: [ app_end ] --END-- [ RunTime:0.000672s ]

[ 2014-09-18T17:06:34+08:00 ] ::1 /PocketAntiServer/?c=lr&a=login
INFO: [ app_init ] --START--
INFO: Run Behavior\BuildLiteBehavior [ RunTime:0.000014s ]
INFO: [ app_init ] --END-- [ RunTime:0.000336s ]
INFO: [ app_begin ] --START--
INFO: Run Behavior\ReadHtmlCacheBehavior [ RunTime:0.000413s ]
INFO: [ app_begin ] --END-- [ RunTime:0.000466s ]
ERR: 无法加载控制器:Lr

[ 2014-09-18T17:06:39+08:00 ] ::1 /PocketAntiServer/?c=LR&a=login
INFO: [ app_init ] --START--
INFO: Run Behavior\BuildLiteBehavior [ RunTime:0.000020s ]
INFO: [ app_init ] --END-- [ RunTime:0.000340s ]
INFO: [ app_begin ] --START--
INFO: Run Behavior\ReadHtmlCacheBehavior [ RunTime:0.000729s ]
INFO: [ app_begin ] --END-- [ RunTime:0.000768s ]
INFO: [ app_end ] --START--
INFO: Run Behavior\ShowPageTraceBehavior [ RunTime:0.000915s ]
INFO: [ app_end ] --END-- [ RunTime:0.000982s ]

[ 2014-09-18T17:07:41+08:00 ] ::1 /PocketAntiServer/?c=Operator
INFO: [ app_init ] --START--
INFO: Run Behavior\BuildLiteBehavior [ RunTime:0.000031s ]
INFO: [ app_init ] --END-- [ RunTime:0.000594s ]
INFO: [ app_begin ] --START--
INFO: Run Behavior\ReadHtmlCacheBehavior [ RunTime:0.000405s ]
INFO: [ app_begin ] --END-- [ RunTime:0.000453s ]
INFO: [ app_end ] --START--
INFO: Run Behavior\ShowPageTraceBehavior [ RunTime:0.000323s ]
INFO: [ app_end ] --END-- [ RunTime:0.000364s ]

[ 2014-09-18T17:08:14+08:00 ] ::1 /PocketAntiServer/?c=Operator&tag=backup_sms
INFO: [ app_init ] --START--
INFO: Run Behavior\BuildLiteBehavior [ RunTime:0.000014s ]
INFO: [ app_init ] --END-- [ RunTime:0.000305s ]
INFO: [ app_begin ] --START--
INFO: Run Behavior\ReadHtmlCacheBehavior [ RunTime:0.000358s ]
INFO: [ app_begin ] --END-- [ RunTime:0.000402s ]
INFO: [ app_end ] --START--
INFO: Run Behavior\ShowPageTraceBehavior [ RunTime:0.000719s ]
INFO: [ app_end ] --END-- [ RunTime:0.000794s ]

[ 2014-09-18T17:08:27+08:00 ] ::1 /PocketAntiServer/?c=Operator&tag=backup_sms
INFO: [ app_init ] --START--
INFO: Run Behavior\BuildLiteBehavior [ RunTime:0.000010s ]
INFO: [ app_init ] --END-- [ RunTime:0.000238s ]
INFO: [ app_begin ] --START--
INFO: Run Behavior\ReadHtmlCacheBehavior [ RunTime:0.000284s ]
INFO: [ app_begin ] --END-- [ RunTime:0.000317s ]
INFO: [ app_end ] --START--
INFO: Run Behavior\ShowPageTraceBehavior [ RunTime:0.000356s ]
INFO: [ app_end ] --END-- [ RunTime:0.000394s ]

[ 2014-09-18T17:08:52+08:00 ] ::1 /PocketAntiServer/?c=LR&a=login&user_name&user_pwd=123456
INFO: [ app_init ] --START--
INFO: Run Behavior\BuildLiteBehavior [ RunTime:0.000015s ]
INFO: [ app_init ] --END-- [ RunTime:0.000338s ]
INFO: [ app_begin ] --START--
INFO: Run Behavior\ReadHtmlCacheBehavior [ RunTime:0.000324s ]
INFO: [ app_begin ] --END-- [ RunTime:0.000367s ]
INFO: [ app_end ] --START--
INFO: Run Behavior\ShowPageTraceBehavior [ RunTime:0.000370s ]
INFO: [ app_end ] --END-- [ RunTime:0.000424s ]

[ 2014-09-18T17:09:09+08:00 ] ::1 /PocketAntiServer/?c=LR&a=login&user_name=ziav&user_pwd=123456
INFO: [ app_init ] --START--
INFO: Run Behavior\BuildLiteBehavior [ RunTime:0.000011s ]
INFO: [ app_init ] --END-- [ RunTime:0.000298s ]
INFO: [ app_begin ] --START--
INFO: Run Behavior\ReadHtmlCacheBehavior [ RunTime:0.000602s ]
INFO: [ app_begin ] --END-- [ RunTime:0.000684s ]
SQL: DESCRIBE isa_user [ RunTime:0.002170s ]
SQL: SELECT * FROM `isa_user` WHERE `user_name` = 'ziav' LIMIT 1   [ RunTime:0.000272s ]
SQL: UPDATE `isa_user` SET `last_time`='2014-09-18 17:09:09',`last_ip`='0.0.0.0' WHERE `user_name` = 'ziav' [ RunTime:0.000282s ]
INFO: [ app_end ] --START--
INFO: Run Behavior\ShowPageTraceBehavior [ RunTime:0.000512s ]
INFO: [ app_end ] --END-- [ RunTime:0.000559s ]

[ 2014-09-18T17:09:16+08:00 ] ::1 /PocketAntiServer/?c=Operator&tag=backup_sms
INFO: [ app_init ] --START--
INFO: Run Behavior\BuildLiteBehavior [ RunTime:0.000023s ]
INFO: [ app_init ] --END-- [ RunTime:0.000599s ]
INFO: [ app_begin ] --START--
INFO: Run Behavior\ReadHtmlCacheBehavior [ RunTime:0.000758s ]
INFO: [ app_begin ] --END-- [ RunTime:0.000848s ]
INFO: [ app_end ] --START--
INFO: Run Behavior\ShowPageTraceBehavior [ RunTime:0.000754s ]
INFO: [ app_end ] --END-- [ RunTime:0.000852s ]

[ 2014-09-18T17:09:51+08:00 ] ::1 /PocketAntiServer/?c=f&tag=backup_sms
INFO: [ app_init ] --START--
INFO: Run Behavior\BuildLiteBehavior [ RunTime:0.000015s ]
INFO: [ app_init ] --END-- [ RunTime:0.000360s ]
INFO: [ app_begin ] --START--
INFO: Run Behavior\ReadHtmlCacheBehavior [ RunTime:0.000686s ]
INFO: [ app_begin ] --END-- [ RunTime:0.000799s ]
ERR: 无法加载控制器:F

[ 2014-09-18T17:16:09+08:00 ] ::1 /PocketAntiServer/?c=LR&a=register&user_name=ziav&user_pwd=123456
INFO: [ app_init ] --START--
INFO: Run Behavior\BuildLiteBehavior [ RunTime:0.000017s ]
INFO: [ app_init ] --END-- [ RunTime:0.000710s ]
INFO: [ app_begin ] --START--
INFO: Run Behavior\ReadHtmlCacheBehavior [ RunTime:0.000587s ]
INFO: [ app_begin ] --END-- [ RunTime:0.000625s ]
SQL: DESCRIBE isa_user [ RunTime:0.002154s ]
SQL: SELECT COUNT(*) AS tp_count FROM `isa_user` WHERE ( user_name="ziav" ) LIMIT 1   [ RunTime:0.071151s ]
INFO: [ app_end ] --START--
INFO: Run Behavior\ShowPageTraceBehavior [ RunTime:0.000761s ]
INFO: [ app_end ] --END-- [ RunTime:0.000796s ]

[ 2014-09-18T17:16:22+08:00 ] ::1 /PocketAntiServer/?c=LR&a=register&user_name=qwe&user_pwd=123456
INFO: [ app_init ] --START--
INFO: Run Behavior\BuildLiteBehavior [ RunTime:0.000011s ]
INFO: [ app_init ] --END-- [ RunTime:0.000387s ]
INFO: [ app_begin ] --START--
INFO: Run Behavior\ReadHtmlCacheBehavior [ RunTime:0.001123s ]
INFO: [ app_begin ] --END-- [ RunTime:0.001257s ]
SQL: DESCRIBE isa_user [ RunTime:0.002075s ]
SQL: SELECT COUNT(*) AS tp_count FROM `isa_user` WHERE ( user_name="qwe" ) LIMIT 1   [ RunTime:0.000271s ]
SQL: INSERT INTO `isa_user` (`uid`,`user_name`,`user_pwd`,`create_time`,`last_ip`) VALUES ('76d80224611fc919a5d54f0ff9fba446','qwe','e10adc3949ba59abbe56e057f20f883e','2014-09-18 17:16:22','0.0.0.0') [ RunTime:0.055819s ]
INFO: [ app_end ] --START--
INFO: Run Behavior\ShowPageTraceBehavior [ RunTime:0.000759s ]
INFO: [ app_end ] --END-- [ RunTime:0.000797s ]

